This file contains any messages produced by compilers while
running configure, to aid debugging if configure makes a mistake.

configure:640: checking for a BSD compatible install
configure:693: checking whether build environment is sane
configure:750: checking whether make sets ${MAKE}
configure:796: checking for working aclocal-1.4
configure:809: checking for working autoconf
configure:822: checking for working automake-1.4
configure:835: checking for working autoheader
configure:848: checking for working makeinfo
configure:880: checking for gcc
configure:993: checking whether the C compiler (gcc -Wno-implicit-int -fcommon -Wno-write-strings ) works
configure:1009: gcc -o conftest -Wno-implicit-int -fcommon -Wno-write-strings   conftest.c  1>&5
configure:1035: checking whether the C compiler (gcc -Wno-implicit-int -fcommon -Wno-write-strings ) is a cross-compiler
configure:1040: checking whether we are using GNU C
configure:1068: checking whether gcc accepts -g
configure:1114: checking how to run the C preprocessor
configure:1194: checking for ANSI C header files
configure:1299: checking whether gcc needs -traditional
configure:1347: checking for EMX
configure:1383: checking for OpenWatcom
configure:1414: checking for DJGPP
configure:1450: checking for ARM64 ILP32
configure:1481: checking for volatile
configure:1518: checking for restrict
configure:1560: checking for __restrict
configure:1602: checking for long long
configure:1634: checking for pointer comparison bug
configure:1680: checking for maxint conversion bug
configure:1727: checking for stdlib.h
configure:1766: checking for dirent.h that defines DIR
configure:1804: checking for opendir in -ldir
configure:1887: checking for sys/wait.h that is POSIX.1 compatible
configure:1932: checking for alloca.h
configure:1932: checking for arpa/inet.h
configure:1932: checking for bsd/string.h
configure:1932: checking for cygwin/process.h
configure:1932: checking for cygwin/version.h
configure:1932: checking for fcntl.h
configure:1932: checking for grp.h
configure:1932: checking for ieee.h
configure:1932: checking for interix/interix.h
configure:1932: checking for inttypes.h
configure:1932: checking for io.h
configure:1932: checking for langinfo.h
configure:1932: checking for limits.h
configure:1932: checking for linux/falloc.h
configure:1932: checking for locale.h
configure:1932: checking for malloc.h
configure:1932: checking for math.h
configure:1932: checking for net/socket.h
configure:1932: checking for netinet/in_system.h
configure:1932: checking for netinet/in_systm.h
configure:1932: checking for netinet/ip.h
configure:1932: checking for poll.h
configure:1932: checking for process.h
configure:1932: checking for pwd.h
configure:1932: checking for search.h
configure:1932: checking for setjmp.h
configure:1932: checking for sgtty.h
configure:1932: checking for stdarg.h
configure:1932: checking for string.h
configure:1932: checking for strings.h
configure:1932: checking for sys/cygwin.h
configure:1932: checking for sys/file.h
configure:1932: checking for sys/fmutex.h
configure:1932: checking for sys/ioctl.h
configure:1932: checking for sys/resource.h
configure:1932: checking for sys/select.h
configure:1932: checking for sys/time.h
configure:1932: checking for sys/un.h
configure:1932: checking for sys/utsname.h
configure:1932: checking for termios.h
configure:1932: checking for time.h
configure:1932: checking for umalloc.h
configure:1932: checking for unistd.h
configure:1932: checking for unixlib.h
configure:1932: checking for utime.h
configure:1932: checking for uwin.h
configure:1932: checking for values.h
configure:1974: checking for working const
configure:2049: checking for inline
configure:2089: checking for size_t
configure:2122: checking for pid_t
configure:2155: checking for socklen_t
configure:2194: checking for errno
configure:2233: checking whether time.h and sys/time.h may both be included
configure:2268: checking whether struct tm is in sys/time.h or time.h
configure:2315: checking size of unsigned short
configure:2355: checking size of unsigned
configure:2395: checking size of unsigned long
configure:2436: checking size of unsigned long long
configure:2480: checking for big endian
configure:2517: checking for little endian
configure:2568: checking if rename can replace existing files
configure:2620: checking return type of signal handlers
configure:2661: checking for strftime
configure:2757: checking for vprintf
configure:2864: checking for bcmp
configure:2864: checking for bcopy
configure:2864: checking for bzero
configure:2864: checking for calloc
configure:2864: checking for cfmakeraw
configure:2864: checking for chmod
configure:2864: checking for cygwin_conv_path
configure:2864: checking for cygwin_conv_to_full_win32_path
configure:2864: checking for dirfd
configure:2864: checking for fallocate
configure:2864: checking for freelocale
configure:2864: checking for getcwd
configure:2864: checking for getgrgid
configure:2864: checking for gethostname
configure:2864: checking for getpagesize
configure:2864: checking for getpid
configure:2864: checking for getpwuid
configure:2864: checking for getrlimit
configure:2864: checking for gettimeofday
configure:2864: checking for gmtime
configure:2864: checking for kqueue
configure:2864: checking for malloc_trim
configure:2864: checking for mallopt
configure:2864: checking for mktime
configure:2864: checking for newlocale
configure:2864: checking for nl_langinfo
configure:2864: checking for poll
configure:2864: checking for popen
configure:2864: checking for posix_fallocate
configure:2864: checking for raise
configure:2864: checking for select
configure:2864: checking for setlocale
configure:2864: checking for setpgid
configure:2864: checking for setrlimit
configure:2864: checking for setsid
configure:2864: checking for sigaction
configure:2864: checking for sigblock
configure:2864: checking for sigdelset
configure:2864: checking for sigprocmask
configure:2864: checking for sigsetmask
configure:2864: checking for snprintf
configure:2864: checking for strdup
configure:2864: checking for strerror_l
configure:2864: checking for strptime
configure:2864: checking for strtod
configure:2864: checking for strtoimax
configure:2864: checking for strtol
configure:2864: checking for strtoll
configure:2864: checking for strtoq
configure:2864: checking for strtoul
configure:2864: checking for sysconf
configure:2864: checking for tdelete
configure:2864: checking for tempnam
configure:2864: checking for tfind
configure:2864: checking for timegm
configure:2864: checking for tsearch
configure:2864: checking for uname
configure:2864: checking for unixpath2win
configure:2864: checking for utime
configure:2864: checking for utimes
configure:2864: checking for uwin_path
configure:2864: checking for winpath2unix
configure:2864: checking for _heapmin
configure:2864: checking for _msize
configure:2864: checking for _ucreate
configure:2864: checking for _udefault
configure:2864: checking for _udestroy
configure:2864: checking for _uopen
configure:2864: checking for __strtoll
configure:2921: checking for strlen
configure:2974: checking for strlen
configure:3010: checking for strnlen
configure:3063: checking for strnlen
configure:3099: checking for strcpy
configure:3152: checking for strcpy
configure:3188: checking for strncpy
configure:3241: checking for strncpy
configure:3277: checking for strchr
configure:3330: checking for strchr
configure:3366: checking for strrchr
configure:3419: checking for strrchr
configure:3455: checking for strcmp
configure:3508: checking for strcmp
configure:3544: checking for strncmp
configure:3597: checking for strncmp
configure:3633: checking for strcspn
configure:3686: checking for strcspn
configure:3722: checking for strspn
configure:3775: checking for strspn
configure:3811: checking for strstr
configure:3864: checking for strstr
configure:3900: checking for memchr
configure:3953: checking for memchr
configure:3989: checking for memrchr
configure:4042: checking for memrchr
configure:4079: checking for memcmp
configure:4132: checking for memcmp
configure:4168: checking for memcpy
configure:4221: checking for memcpy
configure:4257: checking for memmove
configure:4310: checking for memmove
configure:4346: checking for memset
configure:4399: checking for memset
configure:4435: checking for memmem
configure:4488: checking for memmem
configure:4525: checking for strerror
configure:4578: checking for strerror
configure:4612: checking for sigfillset
configure:4646: checking for sigsetjmp/siglongjmp
configure:4680: checking for gcc assembler
configure:4745: checking for __builtin_add_overflow
configure:4779: checking for __builtin_clz
configure:4818: checking for strmode in -lbsd
configure:4867: checking for requested debug level
configure:4888: checking if you want to enable javascript
configure:5263: checking if you want to use graphics
configure:5273: checking if you want to enable UTF-8 terminal
configure:5297: checking for clock_gettime
configure:5406: checking for socket
configure:5654: checking for setsockopt
configure:5753: checking for gethostbyname
configure:5959: checking for getaddrinfo
configure:5959: checking for freeaddrinfo
configure:5959: checking for gai_strerror
configure:6023: checking for inet_ntop
configure:6023: checking for inet_pton
configure:6023: checking for herror
configure:6084: checking for ipv6
configure:6127: checking for sockaddr_in6.sin6_scope_id
configure:6178: checking for event.h
configure:6178: checking for ev-event.h
configure:6216: checking for event_loop in -levent
configure:6325: checking for event_base_set
configure:6325: checking for event_get_version
configure:6325: checking for event_get_method
configure:6325: checking for event_base_free
configure:6325: checking for event_base_new
configure:6325: checking for event_reinit
configure:6325: checking for event_base_get_method
configure:6325: checking for event_config_set_flag
configure:6325: checking for event_get_struct_event_size
configure:6381: checking for pow in -lm
configure:6473: checking for pow
configure:6506: checking for powf
configure:6555: checking for gpm.h
configure:6592: checking for Gpm_Open in -lgpm
configure:6641: checking for Gpm_GetLibVersion
configure:6696: checking for Gpm_Event wdx and wdy
configure:6744: checking for OS/2 threads
configure:6784: checking for atheos/threads.h
configure:6823: checking for spawn_thread
configure:6823: checking for resume_thread
configure:6879: checking for MouOpen
configure:6879: checking for _read_kbd
configure:6932: checking for XFree for OS/2
configure:7127: checking for pkg-config
configure:7171: checking for openssl
configure:7178: checking OPENSSL_CFLAGS
configure:7183: checking OPENSSL_LIBS
configure:7215: checking for OpenSSL
configure:7227: gcc -o conftest -Wno-implicit-int -fcommon -Wno-write-strings    conftest.c -lssl -lcrypto -lgpm -lm -levent -lbsd  1>&5
configure:7426: checking for openssl/x509v3.h
configure:7472: checking for ASN1_STRING_get0_data
configure:7472: checking for ASN1_STRING_to_UTF8
configure:7472: checking for OPENSSL_cleanup
configure:7472: checking for OPENSSL_init_ssl
configure:7472: checking for RAND_add
configure:7472: checking for RAND_egd
configure:7472: checking for RAND_file_name
configure:7472: checking for RAND_load_file
configure:7472: checking for RAND_write_file
configure:7472: checking for SSL_SESSION_is_resumable
configure:7472: checking for SSL_get0_verified_chain
configure:7472: checking for SSL_get1_peer_certificate
configure:7472: checking for SSL_get1_session
configure:7472: checking for SSL_load_error_strings
configure:7472: checking for SSL_set_security_level
configure:7472: checking for X509_VERIFY_PARAM_set_flags
configure:7472: checking for X509_check_host
configure:7472: checking for X509_check_ip
configure:7525: checking for CRYPTO_set_mem_functions without file/line
configure:7560: checking for CRYPTO_set_mem_functions with file/line
configure:7642: checking for zlib.h
configure:7679: checking for inflate in -lz
configure:7739: checking for brotli/decode.h
configure:7776: checking for BrotliDecoderDecompressStream in -lbrotlidec
configure:7836: checking for zstd.h
configure:7873: checking for ZSTD_decompressStream in -lzstd
configure:7923: checking for ZSTD_getErrorCode
configure:7988: checking for bzlib.h
configure:8025: checking for BZ2_bzDecompress in -lbz2
configure:8085: checking for lzma.h
configure:8122: checking for lzma_auto_decoder in -llzma
configure:8182: checking for lzlib.h
configure:8219: checking for LZ_decompress_open in -llz
configure:8293: checking for OpenMP
configure:8461: checking for svgalib
configure:8559: checking for linux/fb.h
configure:8559: checking for linux/kd.h
configure:8559: checking for linux/vt.h
configure:8559: checking for sys/mman.h
configure:8608: checking for directfb-config
configure:8707: checking for directfb
configure:8807: checking for X
configure:9332: checking for X11/Xlib.h
configure:9332: checking for X11/X.h
configure:9332: checking for X11/Xutil.h
configure:9332: checking for X11/Xatom.h
configure:9332: checking for X11/Xlocale.h
configure:9332: checking for X11/keysymdef.h
configure:9372: checking for XOpenDisplay
configure:9372: checking for XOpenIM
configure:9372: checking for XCloseIM
configure:9372: checking for XCreateIC
configure:9372: checking for XDestroyIC
configure:9372: checking for XwcLookupString
configure:9372: checking for Xutf8LookupString
configure:9372: checking for XSupportsLocale
configure:9372: checking for XmbTextListToTextProperty
configure:9426: checking for Xsetlocale
configure:9522: checking for windowsx.h
configure:9559: checking for ReleaseDC
configure:9590: checking for ReleaseDC in -luser32
configure:9620: checking for GdiFlush
configure:9651: checking for GdiFlush in -lgdi32
configure:9699: checking for gui/view.h
configure:9699: checking for gui/window.h
configure:9699: checking for gui/desktop.h
configure:9699: checking for gui/bitmap.h
configure:9699: checking for util/locker.h
configure:9699: checking for util/application.h
configure:10036: checking for interface/View.h
configure:10036: checking for interface/Window.h
configure:10036: checking for interface/Screen.h
configure:10036: checking for interface/Bitmap.h
configure:10036: checking for support/Locker.h
configure:10036: checking for app/Application.h
configure:10492: checking for freetype2 fontconfig
configure:10499: checking LIBFREETYPE_CFLAGS
configure:10504: checking LIBFREETYPE_LIBS
configure:10543: checking for fontconfig/fontconfig.h
configure:10543: checking for ft2build.h
configure:10582: checking for FcInit
configure:10582: checking for FT_Init_FreeType
configure:10738: checking for FcGetVersion
configure:10738: checking for FT_Library_Version
configure:10913: checking for libpng >= 1.0.0
configure:10920: checking LIBPNG_CFLAGS
configure:10925: checking LIBPNG_LIBS
configure:11060: checking for png.h
configure:11060: checking for libpng/png.h
configure:11099: checking for png_create_info_struct
configure:11207: checking for png_set_rgb_to_gray
configure:11207: checking for png_get_libpng_ver
configure:11207: checking for png_get_image_width
configure:11207: checking for png_get_image_height
configure:11207: checking for png_get_gAMA
configure:11207: checking for png_get_color_type
configure:11207: checking for png_get_bit_depth
configure:11207: checking for png_set_strip_alpha
configure:11207: checking for png_get_valid
configure:11207: checking for png_get_sRGB
configure:11282: checking for jpeglib.h
configure:11319: checking for jpeg_destroy_decompress in -ljpeg
configure:11436: checking for tiffio.h
configure:11473: checking for TIFFClientOpen in -ltiff
configure:11599: checking for librsvg-2.0 >= 2.0.0 cairo
configure:11606: checking LIBRSVG_CFLAGS
configure:11611: checking LIBRSVG_LIBS
configure:11650: checking for cairo.h
configure:11650: checking for librsvg/rsvg.h
configure:11650: checking for librsvg/rsvg-cairo.h
configure:11650: checking for librsvg/librsvg-features.h
configure:11689: checking for rsvg_handle_render_cairo
configure:11794: checking for rsvg_handle_read_stream_sync
configure:11928: checking for libwebp
configure:11935: checking LIBWEBP_CFLAGS
configure:11940: checking LIBWEBP_LIBS
configure:11979: checking for webp/decode.h
configure:12018: checking for WebPDecodeRGBA
configure:12123: checking for WebPFree
configure:12199: checking for avif/avif.h
configure:12236: checking for avifDecoderSetIOMemory in -lavif
configure:12333: checking for pthread_sigmask
configure:12388: checking for pthread_sigmask in -lpthread
